<?xml version="1.0" encoding="UTF-8"?>
<!-- Generated by org.testng.reporters.JUnitReportReporter -->
<testsuite hostname="DESKTOP-744UD12" failures="0" tests="2" name="MultiBrowser.M2" time="181.280" errors="0" timestamp="2023-01-05T13:33:28 IST" skipped="0">
  <testcase classname="MultiBrowser.M2" name="tc" time="96.550"/>
  <system-out/>
  <testcase classname="MultiBrowser.M2" name="tc" time="84.730"/>
  <system-out/>
</testsuite> <!-- MultiBrowser.M2 -->
