<?xml version="1.0" encoding="UTF-8"?>
<!-- Generated by org.testng.reporters.JUnitReportReporter -->
<testsuite hostname="DESKTOP-744UD12" failures="0" tests="1" name="TestNg.Parallel1" time="25.821" errors="0" timestamp="2023-01-02T19:40:43 IST" skipped="0">
  <testcase classname="TestNg.Parallel1" name="TC1" time="25.821"/>
  <system-out/>
</testsuite> <!-- TestNg.Parallel1 -->
