<?xml version="1.0" encoding="UTF-8"?>
<!-- Generated by org.testng.reporters.JUnitReportReporter -->
<testsuite hostname="DESKTOP-744UD12" failures="0" tests="3" name="TestNg.Sample3" time="0.025" errors="0" timestamp="2023-01-02T19:00:48 IST" skipped="0">
  <testcase classname="TestNg.Sample3" name="TC8" time="0.010"/>
  <system-out>
    <![CDATA[Running TC8]]>
  </system-out>
  <testcase classname="TestNg.Sample3" name="TC7" time="0.007"/>
  <system-out>
    <![CDATA[Running TC7]]>
  </system-out>
  <testcase classname="TestNg.Sample3" name="TC9" time="0.008"/>
  <system-out>
    <![CDATA[Running TC9]]>
  </system-out>
</testsuite> <!-- TestNg.Sample3 -->
