<?xml version="1.0" encoding="UTF-8"?>
<!-- Generated by org.testng.reporters.JUnitReportReporter -->
<testsuite hostname="DESKTOP-744UD12" failures="0" tests="3" name="TestNg.Sample" time="0.025" errors="0" timestamp="2023-01-02T19:00:48 IST" skipped="0">
  <testcase classname="TestNg.Sample" name="TC2" time="0.008"/>
  <system-out>
    <![CDATA[Running TC2]]>
  </system-out>
  <testcase classname="TestNg.Sample" name="TC1" time="0.005"/>
  <system-out>
    <![CDATA[Running TC1]]>
  </system-out>
  <testcase classname="TestNg.Sample" name="TC3" time="0.012"/>
  <system-out>
    <![CDATA[Running TC3]]>
  </system-out>
</testsuite> <!-- TestNg.Sample -->
