<?xml version="1.0" encoding="UTF-8"?>
<!-- Generated by org.testng.reporters.JUnitReportReporter -->
<testsuite hostname="DESKTOP-744UD12" failures="0" tests="2" name="MultiBrowser.M1" time="162.628" errors="0" timestamp="2023-01-05T13:11:08 IST" skipped="0">
  <testcase classname="MultiBrowser.M1" name="tc" time="42.797"/>
  <system-out/>
  <testcase classname="MultiBrowser.M1" name="tc" time="119.831"/>
  <system-out/>
</testsuite> <!-- MultiBrowser.M1 -->
