<?xml version="1.0" encoding="UTF-8"?>
<!-- Generated by org.testng.reporters.JUnitReportReporter -->
<testsuite hostname="DESKTOP-744UD12" failures="0" tests="2" name="MultiBrowser.M3" time="44.079" errors="0" timestamp="2023-01-07T14:07:34 IST" skipped="0">
  <testcase classname="MultiBrowser.M3" name="TC" time="14.538"/>
  <system-out/>
  <testcase classname="MultiBrowser.M3" name="TC" time="29.541"/>
  <system-out/>
</testsuite> <!-- MultiBrowser.M3 -->
