<?xml version="1.0" encoding="UTF-8"?>
<!-- Generated by org.testng.reporters.JUnitReportReporter -->
<testsuite hostname="DESKTOP-744UD12" failures="0" tests="3" name="TestNg.Sample2" time="0.046" errors="0" timestamp="2023-01-02T19:00:48 IST" skipped="0">
  <testcase classname="TestNg.Sample2" name="TC4" time="0.033"/>
  <system-out>
    <![CDATA[Running TC4]]>
  </system-out>
  <testcase classname="TestNg.Sample2" name="TC6" time="0.009"/>
  <system-out>
    <![CDATA[Running TC6]]>
  </system-out>
  <testcase classname="TestNg.Sample2" name="TC5" time="0.004"/>
  <system-out>
    <![CDATA[Running TC5]]>
  </system-out>
</testsuite> <!-- TestNg.Sample2 -->
