<?xml version="1.0" encoding="UTF-8"?>
<!-- Generated by org.testng.reporters.JUnitReportReporter -->
<testsuite hostname="DESKTOP-744UD12" failures="0" tests="2" name="Annotation.Enabled" time="0.017" errors="0" timestamp="2022-12-30T19:12:18 IST" skipped="1">
  <testcase classname="Annotation.Enabled" name="TC2" time="0.017"/>
  <system-out>
    <![CDATA[My First test TC2 program in TestNG]]>
  </system-out>
  <testcase classname="Annotation.Enabled" name="TC1">
    <skipped/>
  </testcase> <!-- TC1 -->
  <system-out/>
</testsuite> <!-- Annotation.Enabled -->
