<?xml version="1.0" encoding="UTF-8"?>
<!-- Generated by org.testng.reporters.JUnitReportReporter -->
<testsuite hostname="DESKTOP-744UD12" failures="0" tests="3" name="Annotation.priority" time="0.045" errors="0" timestamp="2022-12-28T19:34:39 IST" skipped="0">
  <testcase classname="Annotation.priority" name="TC1" time="0.036"/>
  <system-out>
    <![CDATA[Running TC 1]]>
  </system-out>
  <testcase classname="Annotation.priority" name="TC3" time="0.005"/>
  <system-out>
    <![CDATA[Running TC 3]]>
  </system-out>
  <testcase classname="Annotation.priority" name="TC2" time="0.004"/>
  <system-out>
    <![CDATA[Running TC 2]]>
  </system-out>
</testsuite> <!-- Annotation.priority -->
