<?xml version="1.0" encoding="UTF-8"?>
<!-- Generated by org.testng.reporters.JUnitReportReporter -->
<testsuite hostname="DESKTOP-744UD12" failures="0" tests="2" name="Annotation.Timeout" time="0.046" errors="0" timestamp="2022-12-30T19:16:22 IST" skipped="0">
  <testcase classname="Annotation.Timeout" name="TC1" time="0.027"/>
  <system-out>
    <![CDATA[My First test TC1 program in TestNG]]>
  </system-out>
  <testcase classname="Annotation.Timeout" name="TC2" time="0.019"/>
  <system-out>
    <![CDATA[My First test TC2 program in TestNG]]>
  </system-out>
</testsuite> <!-- Annotation.Timeout -->
