<?xml version="1.0" encoding="UTF-8"?>
<!-- Generated by org.testng.reporters.JUnitReportReporter -->
<testsuite hostname="DESKTOP-744UD12" failures="0" tests="1" name="Annotation.A" time="0.022" errors="0" timestamp="2022-12-28T19:11:02 IST" skipped="0">
  <testcase classname="Annotation.A" name="verifyText" time="0.022"/>
  <system-out>
    <![CDATA[Running actual test case]]>
  </system-out>
</testsuite> <!-- Annotation.A -->
