<?xml version="1.0" encoding="UTF-8"?>
<!-- Generated by org.testng.reporters.JUnitReportReporter -->
<testsuite hostname="DESKTOP-744UD12" failures="0" tests="1" name="TestNg.Test2" time="4.761" errors="0" timestamp="2022-12-28T16:58:50 IST" skipped="0">
  <testcase classname="TestNg.Test2" name="TC1" time="4.761"/>
  <system-out>
    <![CDATA[Open actitime in testNg]]>
  </system-out>
</testsuite> <!-- TestNg.Test2 -->
