<?xml version="1.0" encoding="UTF-8"?>
<!-- Generated by org.testng.reporters.JUnitReportReporter -->
<testsuite hostname="DESKTOP-744UD12" failures="0" tests="1" name="POMTestng.Test1" time="4.803" errors="0" timestamp="2023-01-11T14:30:18 IST" skipped="0">
  <testcase classname="POMTestng.Test1" name="verifyText" time="4.803"/>
  <system-out>
    <![CDATA[running Verify Text]]>
  </system-out>
</testsuite> <!-- POMTestng.Test1 -->
