<?xml version="1.0" encoding="UTF-8"?>
<!-- Generated by org.testng.reporters.JUnitReportReporter -->
<testsuite hostname="DESKTOP-744UD12" failures="0" tests="11" name="Annotation.InvocationCount" time="0.077" errors="0" timestamp="2022-12-28T19:24:02 IST" skipped="0">
  <testcase classname="Annotation.InvocationCount" name="verifyUid" time="0.005"/>
  <system-out>
    <![CDATA[Running verify User Id]]>
  </system-out>
  <testcase classname="Annotation.InvocationCount" name="verifyUid" time="0.006"/>
  <system-out>
    <![CDATA[Running verify User Id]]>
  </system-out>
  <testcase classname="Annotation.InvocationCount" name="verifyUid" time="0.004"/>
  <system-out>
    <![CDATA[Running verify User Id]]>
  </system-out>
  <testcase classname="Annotation.InvocationCount" name="verifyUid" time="0.032"/>
  <system-out>
    <![CDATA[Running verify User Id]]>
  </system-out>
  <testcase classname="Annotation.InvocationCount" name="verifyUid" time="0.007"/>
  <system-out>
    <![CDATA[Running verify User Id]]>
  </system-out>
  <testcase classname="Annotation.InvocationCount" name="verifyUid" time="0.004"/>
  <system-out>
    <![CDATA[Running verify User Id]]>
  </system-out>
  <testcase classname="Annotation.InvocationCount" name="verifyUid" time="0.005"/>
  <system-out>
    <![CDATA[Running verify User Id]]>
  </system-out>
  <testcase classname="Annotation.InvocationCount" name="verifyUid" time="0.005"/>
  <system-out>
    <![CDATA[Running verify User Id]]>
  </system-out>
  <testcase classname="Annotation.InvocationCount" name="TC3" time="0.002"/>
  <system-out>
    <![CDATA[Running TC3]]>
  </system-out>
  <testcase classname="Annotation.InvocationCount" name="TC2" time="0.002"/>
  <system-out>
    <![CDATA[Running TC2]]>
  </system-out>
  <testcase classname="Annotation.InvocationCount" name="TC1" time="0.005"/>
  <system-out>
    <![CDATA[Running TC1]]>
  </system-out>
</testsuite> <!-- Annotation.InvocationCount -->
