<?xml version="1.0" encoding="UTF-8"?>
<!-- Generated by org.testng.reporters.JUnitReportReporter -->
<testsuite hostname="DESKTOP-744UD12" failures="0" tests="2" name="M.Sample1" time="85.597" errors="0" timestamp="2023-01-05T12:29:01 IST" skipped="0">
  <testcase classname="M.Sample1" name="TC" time="48.994"/>
  <system-out/>
  <testcase classname="M.Sample1" name="TC" time="36.603"/>
  <system-out/>
</testsuite> <!-- M.Sample1 -->
