<?xml version="1.0" encoding="UTF-8"?>
<!-- Generated by org.testng.reporters.JUnitReportReporter -->
<testsuite hostname="DESKTOP-744UD12" failures="0" tests="2" name="MultiBrowser.M4" time="25.796" errors="0" timestamp="2023-01-07T14:19:52 IST" skipped="0">
  <testcase classname="MultiBrowser.M4" name="TC" time="16.132"/>
  <system-out/>
  <testcase classname="MultiBrowser.M4" name="TC" time="9.664"/>
  <system-out/>
</testsuite> <!-- MultiBrowser.M4 -->
