<?xml version="1.0" encoding="UTF-8"?>
<!-- Generated by org.testng.reporters.JUnitReportReporter -->
<testsuite hostname="DESKTOP-744UD12" failures="0" tests="8" name="Annotation.B" time="0.087" errors="0" timestamp="2022-12-28T19:03:18 IST" skipped="0">
  <testcase classname="Annotation.B" name="verifyUid" time="0.037"/>
  <system-out>
    <![CDATA[Running verify User Id]]>
  </system-out>
  <testcase classname="Annotation.B" name="verifyUid" time="0.006"/>
  <system-out>
    <![CDATA[Running verify User Id]]>
  </system-out>
  <testcase classname="Annotation.B" name="verifyUid" time="0.017"/>
  <system-out>
    <![CDATA[Running verify User Id]]>
  </system-out>
  <testcase classname="Annotation.B" name="verifyUid" time="0.006"/>
  <system-out>
    <![CDATA[Running verify User Id]]>
  </system-out>
  <testcase classname="Annotation.B" name="verifyUid" time="0.004"/>
  <system-out>
    <![CDATA[Running verify User Id]]>
  </system-out>
  <testcase classname="Annotation.B" name="verifyUid" time="0.007"/>
  <system-out>
    <![CDATA[Running verify User Id]]>
  </system-out>
  <testcase classname="Annotation.B" name="verifyUid" time="0.004"/>
  <system-out>
    <![CDATA[Running verify User Id]]>
  </system-out>
  <testcase classname="Annotation.B" name="verifyUid" time="0.006"/>
  <system-out>
    <![CDATA[Running verify User Id]]>
  </system-out>
</testsuite> <!-- Annotation.B -->
