<?xml version="1.0" encoding="UTF-8"?>
<!-- Generated by org.testng.reporters.JUnitReportReporter -->
<testsuite hostname="DESKTOP-744UD12" failures="0" tests="1" name="TestNg.Parallel3" time="62.385" errors="0" timestamp="2023-01-02T19:40:43 IST" skipped="0">
  <testcase classname="TestNg.Parallel3" name="TC3" time="62.385"/>
  <system-out/>
</testsuite> <!-- TestNg.Parallel3 -->
