<?xml version="1.0" encoding="UTF-8"?>
<!-- Generated by org.testng.reporters.JUnitReportReporter -->
<testsuite hostname="DESKTOP-744UD12" failures="0" tests="4" name="Annotation.Priority1" time="0.056" errors="0" timestamp="2022-12-30T18:49:59 IST" skipped="0">
  <testcase classname="Annotation.Priority1" name="eshwar" time="0.032"/>
  <system-out>
    <![CDATA[Running eshwar]]>
  </system-out>
  <testcase classname="Annotation.Priority1" name="alluarjun" time="0.008"/>
  <system-out>
    <![CDATA[Running alluarjun]]>
  </system-out>
  <testcase classname="Annotation.Priority1" name="dhanush" time="0.009"/>
  <system-out>
    <![CDATA[Running dhanush]]>
  </system-out>
  <testcase classname="Annotation.Priority1" name="prabhas" time="0.007"/>
  <system-out>
    <![CDATA[Running prabhas]]>
  </system-out>
</testsuite> <!-- Annotation.Priority1 -->
