<?xml version="1.0" encoding="UTF-8"?>
<!-- Generated by org.testng.reporters.JUnitReportReporter -->
<testsuite hostname="DESKTOP-744UD12" failures="0" tests="2" name="MultiBrowser.M5" time="50.192" errors="0" timestamp="2023-01-07T14:29:01 IST" skipped="0">
  <testcase classname="MultiBrowser.M5" name="TC" time="33.970"/>
  <system-out/>
  <testcase classname="MultiBrowser.M5" name="TC" time="16.222"/>
  <system-out/>
</testsuite> <!-- MultiBrowser.M5 -->
